-------------------------------------------------------------------------------
Test set: StatusCodeExtendedTest
-------------------------------------------------------------------------------
Tests run: 5, Failures: 0, Errors: 5, Skipped: 0, Time elapsed: 14.16 s <<< FAILURE! -- in StatusCodeExtendedTest
StatusCodeExtendedTest.testStatusCodesFromCsvSource(int, String)[1] -- Time elapsed: 7.777 s <<< ERROR!
com.microsoft.playwright.PlaywrightException: 
Error {
  message='Invalid URL
  name='TypeError
  stack='TypeError: Invalid URL
    at new URL (node:internal/url:775:36)
    at GlobalAPIRequestContext.fetch (C:\Users\9E0A~1\AppData\Local\Temp\playwright-java-14709438415241439444\package\lib\server\fetch.js:94:24)
    at APIRequestContextDispatcher.fetch (C:\Users\9E0A~1\AppData\Local\Temp\playwright-java-14709438415241439444\package\lib\server\dispatchers\networkDispatchers.js:195:46)
    at APIRequestContextDispatcher._handleCommand (C:\Users\9E0A~1\AppData\Local\Temp\playwright-java-14709438415241439444\package\lib\server\dispatchers\dispatcher.js:84:40)
    at DispatcherConnection.dispatch (C:\Users\9E0A~1\AppData\Local\Temp\playwright-java-14709438415241439444\package\lib\server\dispatchers\dispatcher.js:351:39)
}
	at com.microsoft.playwright.impl.WaitableResult.get(WaitableResult.java:54)
	at com.microsoft.playwright.impl.ChannelOwner.runUntil(ChannelOwner.java:120)
	at com.microsoft.playwright.impl.Connection.sendMessage(Connection.java:129)
	at com.microsoft.playwright.impl.ChannelOwner.sendMessage(ChannelOwner.java:106)
	at com.microsoft.playwright.impl.APIRequestContextImpl.fetchImpl(APIRequestContextImpl.java:122)
	at com.microsoft.playwright.impl.APIRequestContextImpl.lambda$fetch$1(APIRequestContextImpl.java:43)
	at com.microsoft.playwright.impl.LoggingSupport.withLogging(LoggingSupport.java:47)
	at com.microsoft.playwright.impl.ChannelOwner.withLogging(ChannelOwner.java:89)
	at com.microsoft.playwright.impl.APIRequestContextImpl.fetch(APIRequestContextImpl.java:43)
	at com.microsoft.playwright.impl.APIRequestContextImpl.get(APIRequestContextImpl.java:163)
	at com.microsoft.playwright.APIRequestContext.get(APIRequestContext.java:249)
	at StatusCodeExtendedTest.getApiStatusCode(StatusCodeExtendedTest.java:87)
	at StatusCodeExtendedTest.testStatusCodesFromCsvSource(StatusCodeExtendedTest.java:80)
	at java.base/java.lang.reflect.Method.invoke(Method.java:565)
	at java.base/java.util.stream.ForEachOps$ForEachOp$OfRef.accept(ForEachOps.java:186)
	at java.base/java.util.stream.ReferencePipeline$3$1.accept(ReferencePipeline.java:215)
	at java.base/java.util.stream.ReferencePipeline$2$1.accept(ReferencePipeline.java:197)
	at java.base/java.util.stream.ReferencePipeline$3$1.accept(ReferencePipeline.java:215)
	at java.base/java.util.stream.ForEachOps$ForEachOp$OfRef.accept(ForEachOps.java:186)
	at java.base/java.util.stream.ReferencePipeline$3$1.accept(ReferencePipeline.java:215)
	at java.base/java.util.stream.ReferencePipeline$3$1.accept(ReferencePipeline.java:215)
	at java.base/java.util.stream.ReferencePipeline$3$1.accept(ReferencePipeline.java:215)
	at java.base/java.util.ArrayList$ArrayListSpliterator.forEachRemaining(ArrayList.java:1716)
	at java.base/java.util.stream.ReferencePipeline$Head.forEach(ReferencePipeline.java:807)
	at java.base/java.util.stream.ReferencePipeline$7$1FlatMap.accept(ReferencePipeline.java:294)
	at java.base/java.util.stream.ReferencePipeline$3$1.accept(ReferencePipeline.java:215)
	at java.base/java.util.stream.ReferencePipeline$3$1.accept(ReferencePipeline.java:215)
	at java.base/java.util.stream.ReferencePipeline$3$1.accept(ReferencePipeline.java:215)
	at java.base/java.util.ArrayList$ArrayListSpliterator.forEachRemaining(ArrayList.java:1716)
	at java.base/java.util.stream.AbstractPipeline.copyInto(AbstractPipeline.java:570)
	at java.base/java.util.stream.AbstractPipeline.wrapAndCopyInto(AbstractPipeline.java:560)
	at java.base/java.util.stream.ForEachOps$ForEachOp.evaluateSequential(ForEachOps.java:153)
	at java.base/java.util.stream.ForEachOps$ForEachOp$OfRef.evaluateSequential(ForEachOps.java:176)
	at java.base/java.util.stream.AbstractPipeline.evaluate(AbstractPipeline.java:265)
	at java.base/java.util.stream.ReferencePipeline.forEach(ReferencePipeline.java:636)
	at java.base/java.util.stream.ReferencePipeline$7$1FlatMap.accept(ReferencePipeline.java:294)
	at java.base/java.util.ArrayList$ArrayListSpliterator.forEachRemaining(ArrayList.java:1716)
	at java.base/java.util.stream.AbstractPipeline.copyInto(AbstractPipeline.java:570)
	at java.base/java.util.stream.AbstractPipeline.wrapAndCopyInto(AbstractPipeline.java:560)
	at java.base/java.util.stream.ForEachOps$ForEachOp.evaluateSequential(ForEachOps.java:153)
	at java.base/java.util.stream.ForEachOps$ForEachOp$OfRef.evaluateSequential(ForEachOps.java:176)
	at java.base/java.util.stream.AbstractPipeline.evaluate(AbstractPipeline.java:265)
	at java.base/java.util.stream.ReferencePipeline.forEach(ReferencePipeline.java:636)
	at java.base/java.util.ArrayList.forEach(ArrayList.java:1604)
	at java.base/java.util.ArrayList.forEach(ArrayList.java:1604)
Caused by: com.microsoft.playwright.impl.DriverException: Error {
  message='Invalid URL
  name='TypeError
  stack='TypeError: Invalid URL
    at new URL (node:internal/url:775:36)
    at GlobalAPIRequestContext.fetch (C:\Users\9E0A~1\AppData\Local\Temp\playwright-java-14709438415241439444\package\lib\server\fetch.js:94:24)
    at APIRequestContextDispatcher.fetch (C:\Users\9E0A~1\AppData\Local\Temp\playwright-java-14709438415241439444\package\lib\server\dispatchers\networkDispatchers.js:195:46)
    at APIRequestContextDispatcher._handleCommand (C:\Users\9E0A~1\AppData\Local\Temp\playwright-java-14709438415241439444\package\lib\server\dispatchers\dispatcher.js:84:40)
    at DispatcherConnection.dispatch (C:\Users\9E0A~1\AppData\Local\Temp\playwright-java-14709438415241439444\package\lib\server\dispatchers\dispatcher.js:351:39)
}
	at com.microsoft.playwright.impl.Connection.dispatch(Connection.java:257)
	at com.microsoft.playwright.impl.Connection.processOneMessage(Connection.java:209)
	at com.microsoft.playwright.impl.ChannelOwner.runUntil(ChannelOwner.java:118)
	... 43 more

StatusCodeExtendedTest.testStatusCodesFromCsvSource(int, String)[2] -- Time elapsed: 2.184 s <<< ERROR!
com.microsoft.playwright.PlaywrightException: 
Error {
  message='Invalid URL
  name='TypeError
  stack='TypeError: Invalid URL
    at new URL (node:internal/url:775:36)
    at GlobalAPIRequestContext.fetch (C:\Users\9E0A~1\AppData\Local\Temp\playwright-java-14709438415241439444\package\lib\server\fetch.js:94:24)
    at APIRequestContextDispatcher.fetch (C:\Users\9E0A~1\AppData\Local\Temp\playwright-java-14709438415241439444\package\lib\server\dispatchers\networkDispatchers.js:195:46)
    at APIRequestContextDispatcher._handleCommand (C:\Users\9E0A~1\AppData\Local\Temp\playwright-java-14709438415241439444\package\lib\server\dispatchers\dispatcher.js:84:40)
    at DispatcherConnection.dispatch (C:\Users\9E0A~1\AppData\Local\Temp\playwright-java-14709438415241439444\package\lib\server\dispatchers\dispatcher.js:351:39)
}
	at com.microsoft.playwright.impl.WaitableResult.get(WaitableResult.java:54)
	at com.microsoft.playwright.impl.ChannelOwner.runUntil(ChannelOwner.java:120)
	at com.microsoft.playwright.impl.Connection.sendMessage(Connection.java:129)
	at com.microsoft.playwright.impl.ChannelOwner.sendMessage(ChannelOwner.java:106)
	at com.microsoft.playwright.impl.APIRequestContextImpl.fetchImpl(APIRequestContextImpl.java:122)
	at com.microsoft.playwright.impl.APIRequestContextImpl.lambda$fetch$1(APIRequestContextImpl.java:43)
	at com.microsoft.playwright.impl.LoggingSupport.withLogging(LoggingSupport.java:47)
	at com.microsoft.playwright.impl.ChannelOwner.withLogging(ChannelOwner.java:89)
	at com.microsoft.playwright.impl.APIRequestContextImpl.fetch(APIRequestContextImpl.java:43)
	at com.microsoft.playwright.impl.APIRequestContextImpl.get(APIRequestContextImpl.java:163)
	at com.microsoft.playwright.APIRequestContext.get(APIRequestContext.java:249)
	at StatusCodeExtendedTest.getApiStatusCode(StatusCodeExtendedTest.java:87)
	at StatusCodeExtendedTest.testStatusCodesFromCsvSource(StatusCodeExtendedTest.java:80)
	at java.base/java.lang.reflect.Method.invoke(Method.java:565)
	at java.base/java.util.stream.ForEachOps$ForEachOp$OfRef.accept(ForEachOps.java:186)
	at java.base/java.util.stream.ReferencePipeline$3$1.accept(ReferencePipeline.java:215)
	at java.base/java.util.stream.ReferencePipeline$2$1.accept(ReferencePipeline.java:197)
	at java.base/java.util.stream.ReferencePipeline$3$1.accept(ReferencePipeline.java:215)
	at java.base/java.util.stream.ForEachOps$ForEachOp$OfRef.accept(ForEachOps.java:186)
	at java.base/java.util.stream.ReferencePipeline$3$1.accept(ReferencePipeline.java:215)
	at java.base/java.util.stream.ReferencePipeline$3$1.accept(ReferencePipeline.java:215)
	at java.base/java.util.stream.ReferencePipeline$3$1.accept(ReferencePipeline.java:215)
	at java.base/java.util.ArrayList$ArrayListSpliterator.forEachRemaining(ArrayList.java:1716)
	at java.base/java.util.stream.ReferencePipeline$Head.forEach(ReferencePipeline.java:807)
	at java.base/java.util.stream.ReferencePipeline$7$1FlatMap.accept(ReferencePipeline.java:294)
	at java.base/java.util.stream.ReferencePipeline$3$1.accept(ReferencePipeline.java:215)
	at java.base/java.util.stream.ReferencePipeline$3$1.accept(ReferencePipeline.java:215)
	at java.base/java.util.stream.ReferencePipeline$3$1.accept(ReferencePipeline.java:215)
	at java.base/java.util.ArrayList$ArrayListSpliterator.forEachRemaining(ArrayList.java:1716)
	at java.base/java.util.stream.AbstractPipeline.copyInto(AbstractPipeline.java:570)
	at java.base/java.util.stream.AbstractPipeline.wrapAndCopyInto(AbstractPipeline.java:560)
	at java.base/java.util.stream.ForEachOps$ForEachOp.evaluateSequential(ForEachOps.java:153)
	at java.base/java.util.stream.ForEachOps$ForEachOp$OfRef.evaluateSequential(ForEachOps.java:176)
	at java.base/java.util.stream.AbstractPipeline.evaluate(AbstractPipeline.java:265)
	at java.base/java.util.stream.ReferencePipeline.forEach(ReferencePipeline.java:636)
	at java.base/java.util.stream.ReferencePipeline$7$1FlatMap.accept(ReferencePipeline.java:294)
	at java.base/java.util.ArrayList$ArrayListSpliterator.forEachRemaining(ArrayList.java:1716)
	at java.base/java.util.stream.AbstractPipeline.copyInto(AbstractPipeline.java:570)
	at java.base/java.util.stream.AbstractPipeline.wrapAndCopyInto(AbstractPipeline.java:560)
	at java.base/java.util.stream.ForEachOps$ForEachOp.evaluateSequential(ForEachOps.java:153)
	at java.base/java.util.stream.ForEachOps$ForEachOp$OfRef.evaluateSequential(ForEachOps.java:176)
	at java.base/java.util.stream.AbstractPipeline.evaluate(AbstractPipeline.java:265)
	at java.base/java.util.stream.ReferencePipeline.forEach(ReferencePipeline.java:636)
	at java.base/java.util.ArrayList.forEach(ArrayList.java:1604)
	at java.base/java.util.ArrayList.forEach(ArrayList.java:1604)
Caused by: com.microsoft.playwright.impl.DriverException: Error {
  message='Invalid URL
  name='TypeError
  stack='TypeError: Invalid URL
    at new URL (node:internal/url:775:36)
    at GlobalAPIRequestContext.fetch (C:\Users\9E0A~1\AppData\Local\Temp\playwright-java-14709438415241439444\package\lib\server\fetch.js:94:24)
    at APIRequestContextDispatcher.fetch (C:\Users\9E0A~1\AppData\Local\Temp\playwright-java-14709438415241439444\package\lib\server\dispatchers\networkDispatchers.js:195:46)
    at APIRequestContextDispatcher._handleCommand (C:\Users\9E0A~1\AppData\Local\Temp\playwright-java-14709438415241439444\package\lib\server\dispatchers\dispatcher.js:84:40)
    at DispatcherConnection.dispatch (C:\Users\9E0A~1\AppData\Local\Temp\playwright-java-14709438415241439444\package\lib\server\dispatchers\dispatcher.js:351:39)
}
	at com.microsoft.playwright.impl.Connection.dispatch(Connection.java:257)
	at com.microsoft.playwright.impl.Connection.processOneMessage(Connection.java:209)
	at com.microsoft.playwright.impl.ChannelOwner.runUntil(ChannelOwner.java:118)
	... 43 more

StatusCodeExtendedTest.testStatusCodesFromCsvSource(int, String)[3] -- Time elapsed: 2.080 s <<< ERROR!
com.microsoft.playwright.PlaywrightException: 
Error {
  message='Invalid URL
  name='TypeError
  stack='TypeError: Invalid URL
    at new URL (node:internal/url:775:36)
    at GlobalAPIRequestContext.fetch (C:\Users\9E0A~1\AppData\Local\Temp\playwright-java-14709438415241439444\package\lib\server\fetch.js:94:24)
    at APIRequestContextDispatcher.fetch (C:\Users\9E0A~1\AppData\Local\Temp\playwright-java-14709438415241439444\package\lib\server\dispatchers\networkDispatchers.js:195:46)
    at APIRequestContextDispatcher._handleCommand (C:\Users\9E0A~1\AppData\Local\Temp\playwright-java-14709438415241439444\package\lib\server\dispatchers\dispatcher.js:84:40)
    at DispatcherConnection.dispatch (C:\Users\9E0A~1\AppData\Local\Temp\playwright-java-14709438415241439444\package\lib\server\dispatchers\dispatcher.js:351:39)
}
	at com.microsoft.playwright.impl.WaitableResult.get(WaitableResult.java:54)
	at com.microsoft.playwright.impl.ChannelOwner.runUntil(ChannelOwner.java:120)
	at com.microsoft.playwright.impl.Connection.sendMessage(Connection.java:129)
	at com.microsoft.playwright.impl.ChannelOwner.sendMessage(ChannelOwner.java:106)
	at com.microsoft.playwright.impl.APIRequestContextImpl.fetchImpl(APIRequestContextImpl.java:122)
	at com.microsoft.playwright.impl.APIRequestContextImpl.lambda$fetch$1(APIRequestContextImpl.java:43)
	at com.microsoft.playwright.impl.LoggingSupport.withLogging(LoggingSupport.java:47)
	at com.microsoft.playwright.impl.ChannelOwner.withLogging(ChannelOwner.java:89)
	at com.microsoft.playwright.impl.APIRequestContextImpl.fetch(APIRequestContextImpl.java:43)
	at com.microsoft.playwright.impl.APIRequestContextImpl.get(APIRequestContextImpl.java:163)
	at com.microsoft.playwright.APIRequestContext.get(APIRequestContext.java:249)
	at StatusCodeExtendedTest.getApiStatusCode(StatusCodeExtendedTest.java:87)
	at StatusCodeExtendedTest.testStatusCodesFromCsvSource(StatusCodeExtendedTest.java:80)
	at java.base/java.lang.reflect.Method.invoke(Method.java:565)
	at java.base/java.util.stream.ForEachOps$ForEachOp$OfRef.accept(ForEachOps.java:186)
	at java.base/java.util.stream.ReferencePipeline$3$1.accept(ReferencePipeline.java:215)
	at java.base/java.util.stream.ReferencePipeline$2$1.accept(ReferencePipeline.java:197)
	at java.base/java.util.stream.ReferencePipeline$3$1.accept(ReferencePipeline.java:215)
	at java.base/java.util.stream.ForEachOps$ForEachOp$OfRef.accept(ForEachOps.java:186)
	at java.base/java.util.stream.ReferencePipeline$3$1.accept(ReferencePipeline.java:215)
	at java.base/java.util.stream.ReferencePipeline$3$1.accept(ReferencePipeline.java:215)
	at java.base/java.util.stream.ReferencePipeline$3$1.accept(ReferencePipeline.java:215)
	at java.base/java.util.ArrayList$ArrayListSpliterator.forEachRemaining(ArrayList.java:1716)
	at java.base/java.util.stream.ReferencePipeline$Head.forEach(ReferencePipeline.java:807)
	at java.base/java.util.stream.ReferencePipeline$7$1FlatMap.accept(ReferencePipeline.java:294)
	at java.base/java.util.stream.ReferencePipeline$3$1.accept(ReferencePipeline.java:215)
	at java.base/java.util.stream.ReferencePipeline$3$1.accept(ReferencePipeline.java:215)
	at java.base/java.util.stream.ReferencePipeline$3$1.accept(ReferencePipeline.java:215)
	at java.base/java.util.ArrayList$ArrayListSpliterator.forEachRemaining(ArrayList.java:1716)
	at java.base/java.util.stream.AbstractPipeline.copyInto(AbstractPipeline.java:570)
	at java.base/java.util.stream.AbstractPipeline.wrapAndCopyInto(AbstractPipeline.java:560)
	at java.base/java.util.stream.ForEachOps$ForEachOp.evaluateSequential(ForEachOps.java:153)
	at java.base/java.util.stream.ForEachOps$ForEachOp$OfRef.evaluateSequential(ForEachOps.java:176)
	at java.base/java.util.stream.AbstractPipeline.evaluate(AbstractPipeline.java:265)
	at java.base/java.util.stream.ReferencePipeline.forEach(ReferencePipeline.java:636)
	at java.base/java.util.stream.ReferencePipeline$7$1FlatMap.accept(ReferencePipeline.java:294)
	at java.base/java.util.ArrayList$ArrayListSpliterator.forEachRemaining(ArrayList.java:1716)
	at java.base/java.util.stream.AbstractPipeline.copyInto(AbstractPipeline.java:570)
	at java.base/java.util.stream.AbstractPipeline.wrapAndCopyInto(AbstractPipeline.java:560)
	at java.base/java.util.stream.ForEachOps$ForEachOp.evaluateSequential(ForEachOps.java:153)
	at java.base/java.util.stream.ForEachOps$ForEachOp$OfRef.evaluateSequential(ForEachOps.java:176)
	at java.base/java.util.stream.AbstractPipeline.evaluate(AbstractPipeline.java:265)
	at java.base/java.util.stream.ReferencePipeline.forEach(ReferencePipeline.java:636)
	at java.base/java.util.ArrayList.forEach(ArrayList.java:1604)
	at java.base/java.util.ArrayList.forEach(ArrayList.java:1604)
Caused by: com.microsoft.playwright.impl.DriverException: Error {
  message='Invalid URL
  name='TypeError
  stack='TypeError: Invalid URL
    at new URL (node:internal/url:775:36)
    at GlobalAPIRequestContext.fetch (C:\Users\9E0A~1\AppData\Local\Temp\playwright-java-14709438415241439444\package\lib\server\fetch.js:94:24)
    at APIRequestContextDispatcher.fetch (C:\Users\9E0A~1\AppData\Local\Temp\playwright-java-14709438415241439444\package\lib\server\dispatchers\networkDispatchers.js:195:46)
    at APIRequestContextDispatcher._handleCommand (C:\Users\9E0A~1\AppData\Local\Temp\playwright-java-14709438415241439444\package\lib\server\dispatchers\dispatcher.js:84:40)
    at DispatcherConnection.dispatch (C:\Users\9E0A~1\AppData\Local\Temp\playwright-java-14709438415241439444\package\lib\server\dispatchers\dispatcher.js:351:39)
}
	at com.microsoft.playwright.impl.Connection.dispatch(Connection.java:257)
	at com.microsoft.playwright.impl.Connection.processOneMessage(Connection.java:209)
	at com.microsoft.playwright.impl.ChannelOwner.runUntil(ChannelOwner.java:118)
	... 43 more

StatusCodeExtendedTest.testStatusCodesFromCsvSource(int, String)[4] -- Time elapsed: 2.005 s <<< ERROR!
com.microsoft.playwright.PlaywrightException: 
Error {
  message='Invalid URL
  name='TypeError
  stack='TypeError: Invalid URL
    at new URL (node:internal/url:775:36)
    at GlobalAPIRequestContext.fetch (C:\Users\9E0A~1\AppData\Local\Temp\playwright-java-14709438415241439444\package\lib\server\fetch.js:94:24)
    at APIRequestContextDispatcher.fetch (C:\Users\9E0A~1\AppData\Local\Temp\playwright-java-14709438415241439444\package\lib\server\dispatchers\networkDispatchers.js:195:46)
    at APIRequestContextDispatcher._handleCommand (C:\Users\9E0A~1\AppData\Local\Temp\playwright-java-14709438415241439444\package\lib\server\dispatchers\dispatcher.js:84:40)
    at DispatcherConnection.dispatch (C:\Users\9E0A~1\AppData\Local\Temp\playwright-java-14709438415241439444\package\lib\server\dispatchers\dispatcher.js:351:39)
}
	at com.microsoft.playwright.impl.WaitableResult.get(WaitableResult.java:54)
	at com.microsoft.playwright.impl.ChannelOwner.runUntil(ChannelOwner.java:120)
	at com.microsoft.playwright.impl.Connection.sendMessage(Connection.java:129)
	at com.microsoft.playwright.impl.ChannelOwner.sendMessage(ChannelOwner.java:106)
	at com.microsoft.playwright.impl.APIRequestContextImpl.fetchImpl(APIRequestContextImpl.java:122)
	at com.microsoft.playwright.impl.APIRequestContextImpl.lambda$fetch$1(APIRequestContextImpl.java:43)
	at com.microsoft.playwright.impl.LoggingSupport.withLogging(LoggingSupport.java:47)
	at com.microsoft.playwright.impl.ChannelOwner.withLogging(ChannelOwner.java:89)
	at com.microsoft.playwright.impl.APIRequestContextImpl.fetch(APIRequestContextImpl.java:43)
	at com.microsoft.playwright.impl.APIRequestContextImpl.get(APIRequestContextImpl.java:163)
	at com.microsoft.playwright.APIRequestContext.get(APIRequestContext.java:249)
	at StatusCodeExtendedTest.getApiStatusCode(StatusCodeExtendedTest.java:87)
	at StatusCodeExtendedTest.testStatusCodesFromCsvSource(StatusCodeExtendedTest.java:80)
	at java.base/java.lang.reflect.Method.invoke(Method.java:565)
	at java.base/java.util.stream.ForEachOps$ForEachOp$OfRef.accept(ForEachOps.java:186)
	at java.base/java.util.stream.ReferencePipeline$3$1.accept(ReferencePipeline.java:215)
	at java.base/java.util.stream.ReferencePipeline$2$1.accept(ReferencePipeline.java:197)
	at java.base/java.util.stream.ReferencePipeline$3$1.accept(ReferencePipeline.java:215)
	at java.base/java.util.stream.ForEachOps$ForEachOp$OfRef.accept(ForEachOps.java:186)
	at java.base/java.util.stream.ReferencePipeline$3$1.accept(ReferencePipeline.java:215)
	at java.base/java.util.stream.ReferencePipeline$3$1.accept(ReferencePipeline.java:215)
	at java.base/java.util.stream.ReferencePipeline$3$1.accept(ReferencePipeline.java:215)
	at java.base/java.util.ArrayList$ArrayListSpliterator.forEachRemaining(ArrayList.java:1716)
	at java.base/java.util.stream.ReferencePipeline$Head.forEach(ReferencePipeline.java:807)
	at java.base/java.util.stream.ReferencePipeline$7$1FlatMap.accept(ReferencePipeline.java:294)
	at java.base/java.util.stream.ReferencePipeline$3$1.accept(ReferencePipeline.java:215)
	at java.base/java.util.stream.ReferencePipeline$3$1.accept(ReferencePipeline.java:215)
	at java.base/java.util.stream.ReferencePipeline$3$1.accept(ReferencePipeline.java:215)
	at java.base/java.util.ArrayList$ArrayListSpliterator.forEachRemaining(ArrayList.java:1716)
	at java.base/java.util.stream.AbstractPipeline.copyInto(AbstractPipeline.java:570)
	at java.base/java.util.stream.AbstractPipeline.wrapAndCopyInto(AbstractPipeline.java:560)
	at java.base/java.util.stream.ForEachOps$ForEachOp.evaluateSequential(ForEachOps.java:153)
	at java.base/java.util.stream.ForEachOps$ForEachOp$OfRef.evaluateSequential(ForEachOps.java:176)
	at java.base/java.util.stream.AbstractPipeline.evaluate(AbstractPipeline.java:265)
	at java.base/java.util.stream.ReferencePipeline.forEach(ReferencePipeline.java:636)
	at java.base/java.util.stream.ReferencePipeline$7$1FlatMap.accept(ReferencePipeline.java:294)
	at java.base/java.util.ArrayList$ArrayListSpliterator.forEachRemaining(ArrayList.java:1716)
	at java.base/java.util.stream.AbstractPipeline.copyInto(AbstractPipeline.java:570)
	at java.base/java.util.stream.AbstractPipeline.wrapAndCopyInto(AbstractPipeline.java:560)
	at java.base/java.util.stream.ForEachOps$ForEachOp.evaluateSequential(ForEachOps.java:153)
	at java.base/java.util.stream.ForEachOps$ForEachOp$OfRef.evaluateSequential(ForEachOps.java:176)
	at java.base/java.util.stream.AbstractPipeline.evaluate(AbstractPipeline.java:265)
	at java.base/java.util.stream.ReferencePipeline.forEach(ReferencePipeline.java:636)
	at java.base/java.util.ArrayList.forEach(ArrayList.java:1604)
	at java.base/java.util.ArrayList.forEach(ArrayList.java:1604)
Caused by: com.microsoft.playwright.impl.DriverException: Error {
  message='Invalid URL
  name='TypeError
  stack='TypeError: Invalid URL
    at new URL (node:internal/url:775:36)
    at GlobalAPIRequestContext.fetch (C:\Users\9E0A~1\AppData\Local\Temp\playwright-java-14709438415241439444\package\lib\server\fetch.js:94:24)
    at APIRequestContextDispatcher.fetch (C:\Users\9E0A~1\AppData\Local\Temp\playwright-java-14709438415241439444\package\lib\server\dispatchers\networkDispatchers.js:195:46)
    at APIRequestContextDispatcher._handleCommand (C:\Users\9E0A~1\AppData\Local\Temp\playwright-java-14709438415241439444\package\lib\server\dispatchers\dispatcher.js:84:40)
    at DispatcherConnection.dispatch (C:\Users\9E0A~1\AppData\Local\Temp\playwright-java-14709438415241439444\package\lib\server\dispatchers\dispatcher.js:351:39)
}
	at com.microsoft.playwright.impl.Connection.dispatch(Connection.java:257)
	at com.microsoft.playwright.impl.Connection.processOneMessage(Connection.java:209)
	at com.microsoft.playwright.impl.ChannelOwner.runUntil(ChannelOwner.java:118)
	... 43 more

StatusCodeExtendedTest.testStatusCodesFromCsv(int, String) -- Time elapsed: 2.012 s <<< ERROR!
org.junit.platform.commons.PreconditionViolationException: Classpath resource [/status_codes.csv] does not exist
	at java.base/java.util.stream.ReferencePipeline$3$1.accept(ReferencePipeline.java:215)
	at java.base/java.util.ArrayList$ArrayListSpliterator.forEachRemaining(ArrayList.java:1716)
	at java.base/java.util.stream.AbstractPipeline.copyInto(AbstractPipeline.java:570)
	at java.base/java.util.stream.AbstractPipeline.wrapAndCopyInto(AbstractPipeline.java:560)
	at java.base/java.util.stream.ForEachOps$ForEachOp.evaluateSequential(ForEachOps.java:153)
	at java.base/java.util.stream.ForEachOps$ForEachOp$OfRef.evaluateSequential(ForEachOps.java:176)
	at java.base/java.util.stream.AbstractPipeline.evaluate(AbstractPipeline.java:265)
	at java.base/java.util.stream.ReferencePipeline.forEach(ReferencePipeline.java:636)
	at java.base/java.util.stream.ReferencePipeline$7$1FlatMap.accept(ReferencePipeline.java:294)
	at java.base/java.util.stream.ReferencePipeline$3$1.accept(ReferencePipeline.java:215)
	at java.base/java.util.stream.ReferencePipeline$3$1.accept(ReferencePipeline.java:215)
	at java.base/java.util.stream.ReferencePipeline$3$1.accept(ReferencePipeline.java:215)
	at java.base/java.util.ArrayList$ArrayListSpliterator.forEachRemaining(ArrayList.java:1716)
	at java.base/java.util.stream.AbstractPipeline.copyInto(AbstractPipeline.java:570)
	at java.base/java.util.stream.AbstractPipeline.wrapAndCopyInto(AbstractPipeline.java:560)
	at java.base/java.util.stream.ForEachOps$ForEachOp.evaluateSequential(ForEachOps.java:153)
	at java.base/java.util.stream.ForEachOps$ForEachOp$OfRef.evaluateSequential(ForEachOps.java:176)
	at java.base/java.util.stream.AbstractPipeline.evaluate(AbstractPipeline.java:265)
	at java.base/java.util.stream.ReferencePipeline.forEach(ReferencePipeline.java:636)
	at java.base/java.util.stream.ReferencePipeline$7$1FlatMap.accept(ReferencePipeline.java:294)
	at java.base/java.util.ArrayList$ArrayListSpliterator.forEachRemaining(ArrayList.java:1716)
	at java.base/java.util.stream.AbstractPipeline.copyInto(AbstractPipeline.java:570)
	at java.base/java.util.stream.AbstractPipeline.wrapAndCopyInto(AbstractPipeline.java:560)
	at java.base/java.util.stream.ForEachOps$ForEachOp.evaluateSequential(ForEachOps.java:153)
	at java.base/java.util.stream.ForEachOps$ForEachOp$OfRef.evaluateSequential(ForEachOps.java:176)
	at java.base/java.util.stream.AbstractPipeline.evaluate(AbstractPipeline.java:265)
	at java.base/java.util.stream.ReferencePipeline.forEach(ReferencePipeline.java:636)
	at java.base/java.util.ArrayList.forEach(ArrayList.java:1604)
	at java.base/java.util.ArrayList.forEach(ArrayList.java:1604)
	Suppressed: org.junit.platform.commons.PreconditionViolationException: Configuration error: You must configure at least one set of arguments for this @ParameterizedTest
		at java.base/java.util.stream.AbstractPipeline.close(AbstractPipeline.java:355)
		at java.base/java.util.stream.ReferencePipeline$7$1FlatMap.accept(ReferencePipeline.java:289)
		... 9 more

